<?xml version="1.0" encoding="UTF-8"?>
<!-- Generated by org.testng.reporters.JUnitXMLReporter -->
<testsuite ignored="3" hostname="WKWZT6toYv6zu8N" failures="0" tests="1" name="Default test" time="2.12" errors="0" timestamp="2024-02-05T11:06:45 IST">
  <testcase classname="Com_RestAssured_FrameWork.Http_Actions" name="readData" time="2.076"/>
  <testcase classname="Com_RestAssured_FrameWork.Http_Actions" name="createData" time="0.0">
    <ignored/>
  </testcase> <!-- createData -->
  <testcase classname="Com_RestAssured_FrameWork.Http_Actions" name="updateData" time="0.0">
    <ignored/>
  </testcase> <!-- updateData -->
  <testcase classname="Com_RestAssured_FrameWork.Http_Actions" name="deleteData" time="0.0">
    <ignored/>
  </testcase> <!-- deleteData -->
</testsuite> <!-- Default test -->
